<?xml version="1.0" encoding="UTF-8"?>
<testsuite xmlns:xsi="http://www.w3.org/2001/XMLSchema-instance" xsi:noNamespaceSchemaLocation="https://maven.apache.org/surefire/maven-surefire-plugin/xsd/surefire-test-report-3.0.xsd" version="3.0" name="com.test.MailAccess.bdd.runner.CucumberRunner" time="10.25" tests="1" errors="0" skipped="0" failures="1">
  <properties>
    <property name="java.specification.version" value="14"/>
    <property name="webdriver.chrome.driver" value="C:\Users\Abi\.cache\selenium\chromedriver\win32\109.0.5414.74\chromedriver.exe"/>
    <property name="sun.cpu.isalist" value="amd64"/>
    <property name="sun.jnu.encoding" value="Cp1252"/>
    <property name="java.class.path" value="G:\Recovered\Downloads\Softwares\Eclipse\Workspaces\Test2\MailAccessBDD\target\test-classes;G:\Recovered\Downloads\Softwares\Eclipse\Workspaces\Test2\MailAccessBDD\target\classes;C:\Users\Abi\.m2\repository\io\cucumber\cucumber-core\7.11.1\cucumber-core-7.11.1.jar;C:\Users\Abi\.m2\repository\io\cucumber\cucumber-gherkin\7.11.1\cucumber-gherkin-7.11.1.jar;C:\Users\Abi\.m2\repository\io\cucumber\cucumber-gherkin-messages\7.11.1\cucumber-gherkin-messages-7.11.1.jar;C:\Users\Abi\.m2\repository\io\cucumber\messages\21.0.1\messages-21.0.1.jar;C:\Users\Abi\.m2\repository\io\cucumber\tag-expressions\5.0.1\tag-expressions-5.0.1.jar;C:\Users\Abi\.m2\repository\io\cucumber\cucumber-expressions\16.1.2\cucumber-expressions-16.1.2.jar;C:\Users\Abi\.m2\repository\io\cucumber\datatable\7.11.1\datatable-7.11.1.jar;C:\Users\Abi\.m2\repository\io\cucumber\cucumber-plugin\7.11.1\cucumber-plugin-7.11.1.jar;C:\Users\Abi\.m2\repository\io\cucumber\docstring\7.11.1\docstring-7.11.1.jar;C:\Users\Abi\.m2\repository\io\cucumber\html-formatter\20.2.1\html-formatter-20.2.1.jar;C:\Users\Abi\.m2\repository\io\cucumber\junit-xml-formatter\0.1.0\junit-xml-formatter-0.1.0.jar;C:\Users\Abi\.m2\repository\io\cucumber\ci-environment\9.1.0\ci-environment-9.1.0.jar;C:\Users\Abi\.m2\repository\org\apiguardian\apiguardian-api\1.1.2\apiguardian-api-1.1.2.jar;C:\Users\Abi\.m2\repository\io\cucumber\cucumber-java\7.11.1\cucumber-java-7.11.1.jar;C:\Users\Abi\.m2\repository\io\cucumber\cucumber-picocontainer\7.11.1\cucumber-picocontainer-7.11.1.jar;C:\Users\Abi\.m2\repository\org\picocontainer\picocontainer\2.15\picocontainer-2.15.jar;C:\Users\Abi\.m2\repository\io\cucumber\gherkin\26.0.3\gherkin-26.0.3.jar;C:\Users\Abi\.m2\repository\io\cucumber\cucumber-jvm-deps\1.0.6\cucumber-jvm-deps-1.0.6.jar;C:\Users\Abi\.m2\repository\io\cucumber\cucumber-testng\7.11.1\cucumber-testng-7.11.1.jar;C:\Users\Abi\.m2\repository\net\masterthought\cucumber-reporting\5.7.4\cucumber-reporting-5.7.4.jar;C:\Users\Abi\.m2\repository\com\fasterxml\jackson\core\jackson-databind\2.13.2.2\jackson-databind-2.13.2.2.jar;C:\Users\Abi\.m2\repository\com\fasterxml\jackson\core\jackson-annotations\2.13.2\jackson-annotations-2.13.2.jar;C:\Users\Abi\.m2\repository\com\fasterxml\jackson\core\jackson-core\2.13.2\jackson-core-2.13.2.jar;C:\Users\Abi\.m2\repository\com\fasterxml\jackson\datatype\jackson-datatype-jsr310\2.13.2\jackson-datatype-jsr310-2.13.2.jar;C:\Users\Abi\.m2\repository\org\apache\velocity\velocity-engine-core\2.3\velocity-engine-core-2.3.jar;C:\Users\Abi\.m2\repository\org\apache\commons\commons-collections4\4.4\commons-collections4-4.4.jar;C:\Users\Abi\.m2\repository\joda-time\joda-time\2.10.14\joda-time-2.10.14.jar;C:\Users\Abi\.m2\repository\org\apache\commons\commons-lang3\3.12.0\commons-lang3-3.12.0.jar;C:\Users\Abi\.m2\repository\commons-io\commons-io\2.7\commons-io-2.7.jar;C:\Users\Abi\.m2\repository\org\codehaus\plexus\plexus-utils\3.4.2\plexus-utils-3.4.2.jar;C:\Users\Abi\.m2\repository\org\jsoup\jsoup\1.15.3\jsoup-1.15.3.jar;C:\Users\Abi\.m2\repository\com\google\guava\guava\31.1-jre\guava-31.1-jre.jar;C:\Users\Abi\.m2\repository\com\google\guava\failureaccess\1.0.1\failureaccess-1.0.1.jar;C:\Users\Abi\.m2\repository\com\google\guava\listenablefuture\9999.0-empty-to-avoid-conflict-with-guava\listenablefuture-9999.0-empty-to-avoid-conflict-with-guava.jar;C:\Users\Abi\.m2\repository\com\google\code\findbugs\jsr305\3.0.2\jsr305-3.0.2.jar;C:\Users\Abi\.m2\repository\org\checkerframework\checker-qual\3.12.0\checker-qual-3.12.0.jar;C:\Users\Abi\.m2\repository\com\google\errorprone\error_prone_annotations\2.11.0\error_prone_annotations-2.11.0.jar;C:\Users\Abi\.m2\repository\com\google\j2objc\j2objc-annotations\1.3\j2objc-annotations-1.3.jar;C:\Users\Abi\.m2\repository\com\googlecode\owasp-java-html-sanitizer\owasp-java-html-sanitizer\20211018.2\owasp-java-html-sanitizer-20211018.2.jar;C:\Users\Abi\.m2\repository\commons-configuration\commons-configuration\1.10\commons-configuration-1.10.jar;C:\Users\Abi\.m2\repository\commons-lang\commons-lang\2.6\commons-lang-2.6.jar;C:\Users\Abi\.m2\repository\commons-logging\commons-logging\1.1.1\commons-logging-1.1.1.jar;C:\Users\Abi\.m2\repository\org\hamcrest\hamcrest-core\2.2\hamcrest-core-2.2.jar;C:\Users\Abi\.m2\repository\org\hamcrest\hamcrest\2.2\hamcrest-2.2.jar;C:\Users\Abi\.m2\repository\net\sourceforge\cobertura\cobertura\2.1.1\cobertura-2.1.1.jar;C:\Users\Abi\.m2\repository\org\ow2\asm\asm\5.0.1\asm-5.0.1.jar;C:\Users\Abi\.m2\repository\org\ow2\asm\asm-tree\5.0.1\asm-tree-5.0.1.jar;C:\Users\Abi\.m2\repository\org\ow2\asm\asm-commons\5.0.1\asm-commons-5.0.1.jar;C:\Users\Abi\.m2\repository\org\ow2\asm\asm-util\5.0.1\asm-util-5.0.1.jar;C:\Users\Abi\.m2\repository\org\ow2\asm\asm-analysis\5.0.1\asm-analysis-5.0.1.jar;C:\Users\Abi\.m2\repository\oro\oro\2.0.8\oro-2.0.8.jar;C:\Users\Abi\.m2\repository\jaxen\jaxen\1.1.4\jaxen-1.1.4.jar;C:\Users\Abi\.m2\repository\org\apache\ant\ant\1.8.3\ant-1.8.3.jar;C:\Users\Abi\.m2\repository\org\apache\ant\ant-launcher\1.8.3\ant-launcher-1.8.3.jar;C:\Users\Abi\.m2\repository\org\apache\ant\ant-junit\1.8.3\ant-junit-1.8.3.jar;C:\Users\Abi\.m2\repository\org\mortbay\jetty\servlet-api-2.5\6.1.14\servlet-api-2.5-6.1.14.jar;C:\Users\Abi\.m2\repository\org\mortbay\jetty\jetty\6.1.14\jetty-6.1.14.jar;C:\Users\Abi\.m2\repository\org\mortbay\jetty\jetty-util\6.1.14\jetty-util-6.1.14.jar;C:\Users\Abi\.m2\repository\ch\qos\logback\logback-classic\1.0.13\logback-classic-1.0.13.jar;C:\Users\Abi\.m2\repository\ch\qos\logback\logback-core\1.0.13\logback-core-1.0.13.jar;C:\Users\Abi\.m2\repository\junit\junit\4.11\junit-4.11.jar;C:\Users\Abi\.m2\repository\org\apache\poi\poi\5.2.3\poi-5.2.3.jar;C:\Users\Abi\.m2\repository\commons-codec\commons-codec\1.15\commons-codec-1.15.jar;C:\Users\Abi\.m2\repository\org\apache\commons\commons-math3\3.6.1\commons-math3-3.6.1.jar;C:\Users\Abi\.m2\repository\com\zaxxer\SparseBitSet\1.2\SparseBitSet-1.2.jar;C:\Users\Abi\.m2\repository\org\apache\poi\poi-ooxml\5.2.3\poi-ooxml-5.2.3.jar;C:\Users\Abi\.m2\repository\org\apache\poi\poi-ooxml-lite\5.2.3\poi-ooxml-lite-5.2.3.jar;C:\Users\Abi\.m2\repository\org\apache\xmlbeans\xmlbeans\5.1.1\xmlbeans-5.1.1.jar;C:\Users\Abi\.m2\repository\org\apache\commons\commons-compress\1.21\commons-compress-1.21.jar;C:\Users\Abi\.m2\repository\com\github\virtuald\curvesapi\1.07\curvesapi-1.07.jar;C:\Users\Abi\.m2\repository\com\aventstack\extentreports\5.0.9\extentreports-5.0.9.jar;C:\Users\Abi\.m2\repository\io\reactivex\rxjava3\rxjava\3.0.4\rxjava-3.0.4.jar;C:\Users\Abi\.m2\repository\org\reactivestreams\reactive-streams\1.0.3\reactive-streams-1.0.3.jar;C:\Users\Abi\.m2\repository\org\freemarker\freemarker\2.3.30\freemarker-2.3.30.jar;C:\Users\Abi\.m2\repository\org\projectlombok\lombok\1.18.12\lombok-1.18.12.jar;C:\Users\Abi\.m2\repository\com\google\code\gson\gson\2.8.6\gson-2.8.6.jar;C:\Users\Abi\.m2\repository\tech\grasshopper\extentreports-cucumber7-adapter\1.10.1\extentreports-cucumber7-adapter-1.10.1.jar;C:\Users\Abi\.m2\repository\tech\grasshopper\extent-pdf-report\2.9.1\extent-pdf-report-2.9.1.jar;C:\Users\Abi\.m2\repository\tech\grasshopper\cucumber-pdf-report\2.11.1\cucumber-pdf-report-2.11.1.jar;C:\Users\Abi\.m2\repository\org\apache\pdfbox\pdfbox\2.0.26\pdfbox-2.0.26.jar;C:\Users\Abi\.m2\repository\org\apache\pdfbox\fontbox\2.0.26\fontbox-2.0.26.jar;C:\Users\Abi\.m2\repository\org\knowm\xchart\xchart\3.8.0\xchart-3.8.0.jar;C:\Users\Abi\.m2\repository\de\erichseifert\vectorgraphics2d\VectorGraphics2D\0.13\VectorGraphics2D-0.13.jar;C:\Users\Abi\.m2\repository\de\rototor\pdfbox\graphics2d\0.30\graphics2d-0.30.jar;C:\Users\Abi\.m2\repository\com\madgag\animated-gif-lib\1.4\animated-gif-lib-1.4.jar;C:\Users\Abi\.m2\repository\org\yaml\snakeyaml\1.28\snakeyaml-1.28.jar;C:\Users\Abi\.m2\repository\tech\grasshopper\table-layout\1.5.1\table-layout-1.5.1.jar;C:\Users\Abi\.m2\repository\tech\grasshopper\rest-assured-cucumber-pdf-report\1.4.1\rest-assured-cucumber-pdf-report-1.4.1.jar;C:\Users\Abi\.m2\repository\com\aventstack\klov-reporter\5.0.9\klov-reporter-5.0.9.jar;C:\Users\Abi\.m2\repository\org\mongodb\mongodb-driver\3.6.4\mongodb-driver-3.6.4.jar;C:\Users\Abi\.m2\repository\org\mongodb\mongodb-driver-core\3.6.4\mongodb-driver-core-3.6.4.jar;C:\Users\Abi\.m2\repository\org\mongodb\bson\3.6.4\bson-3.6.4.jar;C:\Users\Abi\.m2\repository\org\apache\httpcomponents\httpclient\4.5.13\httpclient-4.5.13.jar;C:\Users\Abi\.m2\repository\org\apache\httpcomponents\httpcore\4.4.13\httpcore-4.4.13.jar;C:\Users\Abi\.m2\repository\org\apache\httpcomponents\httpmime\4.5.13\httpmime-4.5.13.jar;C:\Users\Abi\.m2\repository\tech\grasshopper\htmlextentreporter\1.0.1\htmlextentreporter-1.0.1.jar;C:\Users\Abi\.m2\repository\tech\grasshopper\extent-excel-report\1.3.0\extent-excel-report-1.3.0.jar;C:\Program Files\Java\jdk-14.0.2\lib\tools.jar;C:\Users\Abi\.m2\repository\org\seleniumhq\selenium\selenium-java\4.7.2\selenium-java-4.7.2.jar;C:\Users\Abi\.m2\repository\org\seleniumhq\selenium\selenium-api\4.7.2\selenium-api-4.7.2.jar;C:\Users\Abi\.m2\repository\org\seleniumhq\selenium\selenium-chrome-driver\4.7.2\selenium-chrome-driver-4.7.2.jar;C:\Users\Abi\.m2\repository\com\google\auto\service\auto-service-annotations\1.0.1\auto-service-annotations-1.0.1.jar;C:\Users\Abi\.m2\repository\com\google\auto\service\auto-service\1.0.1\auto-service-1.0.1.jar;C:\Users\Abi\.m2\repository\com\google\auto\auto-common\1.2\auto-common-1.2.jar;C:\Users\Abi\.m2\repository\org\seleniumhq\selenium\selenium-chromium-driver\4.7.2\selenium-chromium-driver-4.7.2.jar;C:\Users\Abi\.m2\repository\org\seleniumhq\selenium\selenium-json\4.7.2\selenium-json-4.7.2.jar;C:\Users\Abi\.m2\repository\org\seleniumhq\selenium\selenium-devtools-v106\4.7.2\selenium-devtools-v106-4.7.2.jar;C:\Users\Abi\.m2\repository\org\seleniumhq\selenium\selenium-devtools-v107\4.7.2\selenium-devtools-v107-4.7.2.jar;C:\Users\Abi\.m2\repository\org\seleniumhq\selenium\selenium-devtools-v108\4.7.2\selenium-devtools-v108-4.7.2.jar;C:\Users\Abi\.m2\repository\org\seleniumhq\selenium\selenium-devtools-v85\4.7.2\selenium-devtools-v85-4.7.2.jar;C:\Users\Abi\.m2\repository\org\seleniumhq\selenium\selenium-edge-driver\4.7.2\selenium-edge-driver-4.7.2.jar;C:\Users\Abi\.m2\repository\org\seleniumhq\selenium\selenium-firefox-driver\4.7.2\selenium-firefox-driver-4.7.2.jar;C:\Users\Abi\.m2\repository\org\seleniumhq\selenium\selenium-http\4.7.2\selenium-http-4.7.2.jar;C:\Users\Abi\.m2\repository\dev\failsafe\failsafe\3.3.0\failsafe-3.3.0.jar;C:\Users\Abi\.m2\repository\org\seleniumhq\selenium\selenium-ie-driver\4.7.2\selenium-ie-driver-4.7.2.jar;C:\Users\Abi\.m2\repository\org\seleniumhq\selenium\selenium-remote-driver\4.7.2\selenium-remote-driver-4.7.2.jar;C:\Users\Abi\.m2\repository\io\netty\netty-buffer\4.1.84.Final\netty-buffer-4.1.84.Final.jar;C:\Users\Abi\.m2\repository\io\netty\netty-codec-http\4.1.84.Final\netty-codec-http-4.1.84.Final.jar;C:\Users\Abi\.m2\repository\io\netty\netty-codec\4.1.84.Final\netty-codec-4.1.84.Final.jar;C:\Users\Abi\.m2\repository\io\netty\netty-handler\4.1.84.Final\netty-handler-4.1.84.Final.jar;C:\Users\Abi\.m2\repository\io\netty\netty-common\4.1.84.Final\netty-common-4.1.84.Final.jar;C:\Users\Abi\.m2\repository\io\netty\netty-transport-classes-epoll\4.1.84.Final\netty-transport-classes-epoll-4.1.84.Final.jar;C:\Users\Abi\.m2\repository\io\netty\netty-transport-classes-kqueue\4.1.84.Final\netty-transport-classes-kqueue-4.1.84.Final.jar;C:\Users\Abi\.m2\repository\io\netty\netty-transport-native-epoll\4.1.84.Final\netty-transport-native-epoll-4.1.84.Final.jar;C:\Users\Abi\.m2\repository\io\netty\netty-transport-native-kqueue\4.1.84.Final\netty-transport-native-kqueue-4.1.84.Final.jar;C:\Users\Abi\.m2\repository\io\netty\netty-transport-native-unix-common\4.1.84.Final\netty-transport-native-unix-common-4.1.84.Final.jar;C:\Users\Abi\.m2\repository\io\netty\netty-transport\4.1.84.Final\netty-transport-4.1.84.Final.jar;C:\Users\Abi\.m2\repository\io\netty\netty-resolver\4.1.84.Final\netty-resolver-4.1.84.Final.jar;C:\Users\Abi\.m2\repository\io\opentelemetry\opentelemetry-api\1.19.0\opentelemetry-api-1.19.0.jar;C:\Users\Abi\.m2\repository\io\opentelemetry\opentelemetry-context\1.19.0\opentelemetry-context-1.19.0.jar;C:\Users\Abi\.m2\repository\io\opentelemetry\opentelemetry-exporter-logging\1.19.0\opentelemetry-exporter-logging-1.19.0.jar;C:\Users\Abi\.m2\repository\io\opentelemetry\opentelemetry-sdk-metrics\1.19.0\opentelemetry-sdk-metrics-1.19.0.jar;C:\Users\Abi\.m2\repository\io\opentelemetry\opentelemetry-sdk-logs\1.19.0-alpha\opentelemetry-sdk-logs-1.19.0-alpha.jar;C:\Users\Abi\.m2\repository\io\opentelemetry\opentelemetry-api-logs\1.19.0-alpha\opentelemetry-api-logs-1.19.0-alpha.jar;C:\Users\Abi\.m2\repository\io\opentelemetry\opentelemetry-sdk-common\1.19.0\opentelemetry-sdk-common-1.19.0.jar;C:\Users\Abi\.m2\repository\io\opentelemetry\opentelemetry-sdk-extension-autoconfigure-spi\1.19.0\opentelemetry-sdk-extension-autoconfigure-spi-1.19.0.jar;C:\Users\Abi\.m2\repository\io\opentelemetry\opentelemetry-sdk-extension-autoconfigure\1.19.0-alpha\opentelemetry-sdk-extension-autoconfigure-1.19.0-alpha.jar;C:\Users\Abi\.m2\repository\io\opentelemetry\opentelemetry-exporter-common\1.19.0\opentelemetry-exporter-common-1.19.0.jar;C:\Users\Abi\.m2\repository\io\opentelemetry\opentelemetry-sdk-trace\1.19.0\opentelemetry-sdk-trace-1.19.0.jar;C:\Users\Abi\.m2\repository\io\opentelemetry\opentelemetry-sdk\1.19.0\opentelemetry-sdk-1.19.0.jar;C:\Users\Abi\.m2\repository\io\opentelemetry\opentelemetry-semconv\1.19.0-alpha\opentelemetry-semconv-1.19.0-alpha.jar;C:\Users\Abi\.m2\repository\io\ous\jtoml\2.0.0\jtoml-2.0.0.jar;C:\Users\Abi\.m2\repository\net\bytebuddy\byte-buddy\1.12.18\byte-buddy-1.12.18.jar;C:\Users\Abi\.m2\repository\org\apache\commons\commons-exec\1.3\commons-exec-1.3.jar;C:\Users\Abi\.m2\repository\org\asynchttpclient\async-http-client\2.12.3\async-http-client-2.12.3.jar;C:\Users\Abi\.m2\repository\org\asynchttpclient\async-http-client-netty-utils\2.12.3\async-http-client-netty-utils-2.12.3.jar;C:\Users\Abi\.m2\repository\io\netty\netty-codec-socks\4.1.60.Final\netty-codec-socks-4.1.60.Final.jar;C:\Users\Abi\.m2\repository\io\netty\netty-handler-proxy\4.1.60.Final\netty-handler-proxy-4.1.60.Final.jar;C:\Users\Abi\.m2\repository\io\netty\netty-transport-native-epoll\4.1.60.Final\netty-transport-native-epoll-4.1.60.Final-linux-x86_64.jar;C:\Users\Abi\.m2\repository\io\netty\netty-transport-native-kqueue\4.1.60.Final\netty-transport-native-kqueue-4.1.60.Final-osx-x86_64.jar;C:\Users\Abi\.m2\repository\com\typesafe\netty\netty-reactive-streams\2.0.4\netty-reactive-streams-2.0.4.jar;C:\Users\Abi\.m2\repository\com\sun\activation\jakarta.activation\1.2.2\jakarta.activation-1.2.2.jar;C:\Users\Abi\.m2\repository\org\seleniumhq\selenium\selenium-manager\4.7.2\selenium-manager-4.7.2.jar;C:\Users\Abi\.m2\repository\org\seleniumhq\selenium\selenium-safari-driver\4.7.2\selenium-safari-driver-4.7.2.jar;C:\Users\Abi\.m2\repository\org\seleniumhq\selenium\selenium-support\4.7.2\selenium-support-4.7.2.jar;C:\Users\Abi\.m2\repository\io\github\bonigarcia\webdrivermanager\5.3.2\webdrivermanager-5.3.2.jar;C:\Users\Abi\.m2\repository\com\github\docker-java\docker-java\3.2.14\docker-java-3.2.14.jar;C:\Users\Abi\.m2\repository\com\github\docker-java\docker-java-core\3.2.14\docker-java-core-3.2.14.jar;C:\Users\Abi\.m2\repository\com\github\docker-java\docker-java-api\3.2.14\docker-java-api-3.2.14.jar;C:\Users\Abi\.m2\repository\org\bouncycastle\bcpkix-jdk15on\1.64\bcpkix-jdk15on-1.64.jar;C:\Users\Abi\.m2\repository\org\bouncycastle\bcprov-jdk15on\1.64\bcprov-jdk15on-1.64.jar;C:\Users\Abi\.m2\repository\org\slf4j\jcl-over-slf4j\1.7.30\jcl-over-slf4j-1.7.30.jar;C:\Users\Abi\.m2\repository\com\github\docker-java\docker-java-transport-httpclient5\3.2.14\docker-java-transport-httpclient5-3.2.14.jar;C:\Users\Abi\.m2\repository\com\github\docker-java\docker-java-transport\3.2.14\docker-java-transport-3.2.14.jar;C:\Users\Abi\.m2\repository\net\java\dev\jna\jna\5.12.1\jna-5.12.1.jar;C:\Users\Abi\.m2\repository\org\brotli\dec\0.1.2\dec-0.1.2.jar;C:\Users\Abi\.m2\repository\org\apache\httpcomponents\client5\httpclient5\5.2.1\httpclient5-5.2.1.jar;C:\Users\Abi\.m2\repository\org\apache\httpcomponents\core5\httpcore5\5.2\httpcore5-5.2.jar;C:\Users\Abi\.m2\repository\org\apache\httpcomponents\core5\httpcore5-h2\5.2\httpcore5-h2-5.2.jar;C:\Users\Abi\.m2\repository\org\testng\testng\7.7.1\testng-7.7.1.jar;C:\Users\Abi\.m2\repository\com\beust\jcommander\1.82\jcommander-1.82.jar;C:\Users\Abi\.m2\repository\org\webjars\jquery\3.6.1\jquery-3.6.1.jar;C:\Users\Abi\.m2\repository\org\slf4j\slf4j-api\2.0.6\slf4j-api-2.0.6.jar;C:\Users\Abi\.m2\repository\org\slf4j\slf4j-reload4j\2.0.6\slf4j-reload4j-2.0.6.jar;C:\Users\Abi\.m2\repository\ch\qos\reload4j\reload4j\1.2.22\reload4j-1.2.22.jar;C:\Users\Abi\.m2\repository\com\microsoft\sqlserver\mssql-jdbc\12.2.0.jre11\mssql-jdbc-12.2.0.jre11.jar;C:\Users\Abi\.m2\repository\org\apache\logging\log4j\log4j-core\2.19.0\log4j-core-2.19.0.jar;C:\Users\Abi\.m2\repository\org\apache\logging\log4j\log4j-api\2.19.0\log4j-api-2.19.0.jar;C:\Users\Abi\.m2\repository\io\appium\java-client\8.3.0\java-client-8.3.0.jar;C:\Users\Abi\.m2\repository\cglib\cglib\3.3.0\cglib-3.3.0.jar;C:\Users\Abi\.m2\repository\commons-validator\commons-validator\1.7\commons-validator-1.7.jar;C:\Users\Abi\.m2\repository\commons-beanutils\commons-beanutils\1.9.4\commons-beanutils-1.9.4.jar;C:\Users\Abi\.m2\repository\commons-digester\commons-digester\2.1\commons-digester-2.1.jar;C:\Users\Abi\.m2\repository\commons-collections\commons-collections\3.2.2\commons-collections-3.2.2.jar;"/>
    <property name="java.vm.vendor" value="Oracle Corporation"/>
    <property name="sun.arch.data.model" value="64"/>
    <property name="user.variant" value=""/>
    <property name="java.vendor.url" value="https://java.oracle.com/"/>
    <property name="user.timezone" value="Asia/Calcutta"/>
    <property name="os.name" value="Windows 10"/>
    <property name="java.vm.specification.version" value="14"/>
    <property name="sun.java.launcher" value="SUN_STANDARD"/>
    <property name="user.country" value="US"/>
    <property name="sun.boot.library.path" value="C:\Program Files\Java\jdk-14.0.2\bin"/>
    <property name="sun.java.command" value="C:\Users\Abi\AppData\Local\Temp\surefire17034368744802354184\surefirebooter-20230202194126318_3.jar C:\Users\Abi\AppData\Local\Temp\surefire17034368744802354184 2023-02-02T19-41-18_474-jvmRun1 surefire-20230202194126318_1tmp surefire_0-20230202194126318_2tmp"/>
    <property name="jdk.debug" value="release"/>
    <property name="surefire.test.class.path" value="G:\Recovered\Downloads\Softwares\Eclipse\Workspaces\Test2\MailAccessBDD\target\test-classes;G:\Recovered\Downloads\Softwares\Eclipse\Workspaces\Test2\MailAccessBDD\target\classes;C:\Users\Abi\.m2\repository\io\cucumber\cucumber-core\7.11.1\cucumber-core-7.11.1.jar;C:\Users\Abi\.m2\repository\io\cucumber\cucumber-gherkin\7.11.1\cucumber-gherkin-7.11.1.jar;C:\Users\Abi\.m2\repository\io\cucumber\cucumber-gherkin-messages\7.11.1\cucumber-gherkin-messages-7.11.1.jar;C:\Users\Abi\.m2\repository\io\cucumber\messages\21.0.1\messages-21.0.1.jar;C:\Users\Abi\.m2\repository\io\cucumber\tag-expressions\5.0.1\tag-expressions-5.0.1.jar;C:\Users\Abi\.m2\repository\io\cucumber\cucumber-expressions\16.1.2\cucumber-expressions-16.1.2.jar;C:\Users\Abi\.m2\repository\io\cucumber\datatable\7.11.1\datatable-7.11.1.jar;C:\Users\Abi\.m2\repository\io\cucumber\cucumber-plugin\7.11.1\cucumber-plugin-7.11.1.jar;C:\Users\Abi\.m2\repository\io\cucumber\docstring\7.11.1\docstring-7.11.1.jar;C:\Users\Abi\.m2\repository\io\cucumber\html-formatter\20.2.1\html-formatter-20.2.1.jar;C:\Users\Abi\.m2\repository\io\cucumber\junit-xml-formatter\0.1.0\junit-xml-formatter-0.1.0.jar;C:\Users\Abi\.m2\repository\io\cucumber\ci-environment\9.1.0\ci-environment-9.1.0.jar;C:\Users\Abi\.m2\repository\org\apiguardian\apiguardian-api\1.1.2\apiguardian-api-1.1.2.jar;C:\Users\Abi\.m2\repository\io\cucumber\cucumber-java\7.11.1\cucumber-java-7.11.1.jar;C:\Users\Abi\.m2\repository\io\cucumber\cucumber-picocontainer\7.11.1\cucumber-picocontainer-7.11.1.jar;C:\Users\Abi\.m2\repository\org\picocontainer\picocontainer\2.15\picocontainer-2.15.jar;C:\Users\Abi\.m2\repository\io\cucumber\gherkin\26.0.3\gherkin-26.0.3.jar;C:\Users\Abi\.m2\repository\io\cucumber\cucumber-jvm-deps\1.0.6\cucumber-jvm-deps-1.0.6.jar;C:\Users\Abi\.m2\repository\io\cucumber\cucumber-testng\7.11.1\cucumber-testng-7.11.1.jar;C:\Users\Abi\.m2\repository\net\masterthought\cucumber-reporting\5.7.4\cucumber-reporting-5.7.4.jar;C:\Users\Abi\.m2\repository\com\fasterxml\jackson\core\jackson-databind\2.13.2.2\jackson-databind-2.13.2.2.jar;C:\Users\Abi\.m2\repository\com\fasterxml\jackson\core\jackson-annotations\2.13.2\jackson-annotations-2.13.2.jar;C:\Users\Abi\.m2\repository\com\fasterxml\jackson\core\jackson-core\2.13.2\jackson-core-2.13.2.jar;C:\Users\Abi\.m2\repository\com\fasterxml\jackson\datatype\jackson-datatype-jsr310\2.13.2\jackson-datatype-jsr310-2.13.2.jar;C:\Users\Abi\.m2\repository\org\apache\velocity\velocity-engine-core\2.3\velocity-engine-core-2.3.jar;C:\Users\Abi\.m2\repository\org\apache\commons\commons-collections4\4.4\commons-collections4-4.4.jar;C:\Users\Abi\.m2\repository\joda-time\joda-time\2.10.14\joda-time-2.10.14.jar;C:\Users\Abi\.m2\repository\org\apache\commons\commons-lang3\3.12.0\commons-lang3-3.12.0.jar;C:\Users\Abi\.m2\repository\commons-io\commons-io\2.7\commons-io-2.7.jar;C:\Users\Abi\.m2\repository\org\codehaus\plexus\plexus-utils\3.4.2\plexus-utils-3.4.2.jar;C:\Users\Abi\.m2\repository\org\jsoup\jsoup\1.15.3\jsoup-1.15.3.jar;C:\Users\Abi\.m2\repository\com\google\guava\guava\31.1-jre\guava-31.1-jre.jar;C:\Users\Abi\.m2\repository\com\google\guava\failureaccess\1.0.1\failureaccess-1.0.1.jar;C:\Users\Abi\.m2\repository\com\google\guava\listenablefuture\9999.0-empty-to-avoid-conflict-with-guava\listenablefuture-9999.0-empty-to-avoid-conflict-with-guava.jar;C:\Users\Abi\.m2\repository\com\google\code\findbugs\jsr305\3.0.2\jsr305-3.0.2.jar;C:\Users\Abi\.m2\repository\org\checkerframework\checker-qual\3.12.0\checker-qual-3.12.0.jar;C:\Users\Abi\.m2\repository\com\google\errorprone\error_prone_annotations\2.11.0\error_prone_annotations-2.11.0.jar;C:\Users\Abi\.m2\repository\com\google\j2objc\j2objc-annotations\1.3\j2objc-annotations-1.3.jar;C:\Users\Abi\.m2\repository\com\googlecode\owasp-java-html-sanitizer\owasp-java-html-sanitizer\20211018.2\owasp-java-html-sanitizer-20211018.2.jar;C:\Users\Abi\.m2\repository\commons-configuration\commons-configuration\1.10\commons-configuration-1.10.jar;C:\Users\Abi\.m2\repository\commons-lang\commons-lang\2.6\commons-lang-2.6.jar;C:\Users\Abi\.m2\repository\commons-logging\commons-logging\1.1.1\commons-logging-1.1.1.jar;C:\Users\Abi\.m2\repository\org\hamcrest\hamcrest-core\2.2\hamcrest-core-2.2.jar;C:\Users\Abi\.m2\repository\org\hamcrest\hamcrest\2.2\hamcrest-2.2.jar;C:\Users\Abi\.m2\repository\net\sourceforge\cobertura\cobertura\2.1.1\cobertura-2.1.1.jar;C:\Users\Abi\.m2\repository\org\ow2\asm\asm\5.0.1\asm-5.0.1.jar;C:\Users\Abi\.m2\repository\org\ow2\asm\asm-tree\5.0.1\asm-tree-5.0.1.jar;C:\Users\Abi\.m2\repository\org\ow2\asm\asm-commons\5.0.1\asm-commons-5.0.1.jar;C:\Users\Abi\.m2\repository\org\ow2\asm\asm-util\5.0.1\asm-util-5.0.1.jar;C:\Users\Abi\.m2\repository\org\ow2\asm\asm-analysis\5.0.1\asm-analysis-5.0.1.jar;C:\Users\Abi\.m2\repository\oro\oro\2.0.8\oro-2.0.8.jar;C:\Users\Abi\.m2\repository\jaxen\jaxen\1.1.4\jaxen-1.1.4.jar;C:\Users\Abi\.m2\repository\org\apache\ant\ant\1.8.3\ant-1.8.3.jar;C:\Users\Abi\.m2\repository\org\apache\ant\ant-launcher\1.8.3\ant-launcher-1.8.3.jar;C:\Users\Abi\.m2\repository\org\apache\ant\ant-junit\1.8.3\ant-junit-1.8.3.jar;C:\Users\Abi\.m2\repository\org\mortbay\jetty\servlet-api-2.5\6.1.14\servlet-api-2.5-6.1.14.jar;C:\Users\Abi\.m2\repository\org\mortbay\jetty\jetty\6.1.14\jetty-6.1.14.jar;C:\Users\Abi\.m2\repository\org\mortbay\jetty\jetty-util\6.1.14\jetty-util-6.1.14.jar;C:\Users\Abi\.m2\repository\ch\qos\logback\logback-classic\1.0.13\logback-classic-1.0.13.jar;C:\Users\Abi\.m2\repository\ch\qos\logback\logback-core\1.0.13\logback-core-1.0.13.jar;C:\Users\Abi\.m2\repository\junit\junit\4.11\junit-4.11.jar;C:\Users\Abi\.m2\repository\org\apache\poi\poi\5.2.3\poi-5.2.3.jar;C:\Users\Abi\.m2\repository\commons-codec\commons-codec\1.15\commons-codec-1.15.jar;C:\Users\Abi\.m2\repository\org\apache\commons\commons-math3\3.6.1\commons-math3-3.6.1.jar;C:\Users\Abi\.m2\repository\com\zaxxer\SparseBitSet\1.2\SparseBitSet-1.2.jar;C:\Users\Abi\.m2\repository\org\apache\poi\poi-ooxml\5.2.3\poi-ooxml-5.2.3.jar;C:\Users\Abi\.m2\repository\org\apache\poi\poi-ooxml-lite\5.2.3\poi-ooxml-lite-5.2.3.jar;C:\Users\Abi\.m2\repository\org\apache\xmlbeans\xmlbeans\5.1.1\xmlbeans-5.1.1.jar;C:\Users\Abi\.m2\repository\org\apache\commons\commons-compress\1.21\commons-compress-1.21.jar;C:\Users\Abi\.m2\repository\com\github\virtuald\curvesapi\1.07\curvesapi-1.07.jar;C:\Users\Abi\.m2\repository\com\aventstack\extentreports\5.0.9\extentreports-5.0.9.jar;C:\Users\Abi\.m2\repository\io\reactivex\rxjava3\rxjava\3.0.4\rxjava-3.0.4.jar;C:\Users\Abi\.m2\repository\org\reactivestreams\reactive-streams\1.0.3\reactive-streams-1.0.3.jar;C:\Users\Abi\.m2\repository\org\freemarker\freemarker\2.3.30\freemarker-2.3.30.jar;C:\Users\Abi\.m2\repository\org\projectlombok\lombok\1.18.12\lombok-1.18.12.jar;C:\Users\Abi\.m2\repository\com\google\code\gson\gson\2.8.6\gson-2.8.6.jar;C:\Users\Abi\.m2\repository\tech\grasshopper\extentreports-cucumber7-adapter\1.10.1\extentreports-cucumber7-adapter-1.10.1.jar;C:\Users\Abi\.m2\repository\tech\grasshopper\extent-pdf-report\2.9.1\extent-pdf-report-2.9.1.jar;C:\Users\Abi\.m2\repository\tech\grasshopper\cucumber-pdf-report\2.11.1\cucumber-pdf-report-2.11.1.jar;C:\Users\Abi\.m2\repository\org\apache\pdfbox\pdfbox\2.0.26\pdfbox-2.0.26.jar;C:\Users\Abi\.m2\repository\org\apache\pdfbox\fontbox\2.0.26\fontbox-2.0.26.jar;C:\Users\Abi\.m2\repository\org\knowm\xchart\xchart\3.8.0\xchart-3.8.0.jar;C:\Users\Abi\.m2\repository\de\erichseifert\vectorgraphics2d\VectorGraphics2D\0.13\VectorGraphics2D-0.13.jar;C:\Users\Abi\.m2\repository\de\rototor\pdfbox\graphics2d\0.30\graphics2d-0.30.jar;C:\Users\Abi\.m2\repository\com\madgag\animated-gif-lib\1.4\animated-gif-lib-1.4.jar;C:\Users\Abi\.m2\repository\org\yaml\snakeyaml\1.28\snakeyaml-1.28.jar;C:\Users\Abi\.m2\repository\tech\grasshopper\table-layout\1.5.1\table-layout-1.5.1.jar;C:\Users\Abi\.m2\repository\tech\grasshopper\rest-assured-cucumber-pdf-report\1.4.1\rest-assured-cucumber-pdf-report-1.4.1.jar;C:\Users\Abi\.m2\repository\com\aventstack\klov-reporter\5.0.9\klov-reporter-5.0.9.jar;C:\Users\Abi\.m2\repository\org\mongodb\mongodb-driver\3.6.4\mongodb-driver-3.6.4.jar;C:\Users\Abi\.m2\repository\org\mongodb\mongodb-driver-core\3.6.4\mongodb-driver-core-3.6.4.jar;C:\Users\Abi\.m2\repository\org\mongodb\bson\3.6.4\bson-3.6.4.jar;C:\Users\Abi\.m2\repository\org\apache\httpcomponents\httpclient\4.5.13\httpclient-4.5.13.jar;C:\Users\Abi\.m2\repository\org\apache\httpcomponents\httpcore\4.4.13\httpcore-4.4.13.jar;C:\Users\Abi\.m2\repository\org\apache\httpcomponents\httpmime\4.5.13\httpmime-4.5.13.jar;C:\Users\Abi\.m2\repository\tech\grasshopper\htmlextentreporter\1.0.1\htmlextentreporter-1.0.1.jar;C:\Users\Abi\.m2\repository\tech\grasshopper\extent-excel-report\1.3.0\extent-excel-report-1.3.0.jar;C:\Program Files\Java\jdk-14.0.2\lib\tools.jar;C:\Users\Abi\.m2\repository\org\seleniumhq\selenium\selenium-java\4.7.2\selenium-java-4.7.2.jar;C:\Users\Abi\.m2\repository\org\seleniumhq\selenium\selenium-api\4.7.2\selenium-api-4.7.2.jar;C:\Users\Abi\.m2\repository\org\seleniumhq\selenium\selenium-chrome-driver\4.7.2\selenium-chrome-driver-4.7.2.jar;C:\Users\Abi\.m2\repository\com\google\auto\service\auto-service-annotations\1.0.1\auto-service-annotations-1.0.1.jar;C:\Users\Abi\.m2\repository\com\google\auto\service\auto-service\1.0.1\auto-service-1.0.1.jar;C:\Users\Abi\.m2\repository\com\google\auto\auto-common\1.2\auto-common-1.2.jar;C:\Users\Abi\.m2\repository\org\seleniumhq\selenium\selenium-chromium-driver\4.7.2\selenium-chromium-driver-4.7.2.jar;C:\Users\Abi\.m2\repository\org\seleniumhq\selenium\selenium-json\4.7.2\selenium-json-4.7.2.jar;C:\Users\Abi\.m2\repository\org\seleniumhq\selenium\selenium-devtools-v106\4.7.2\selenium-devtools-v106-4.7.2.jar;C:\Users\Abi\.m2\repository\org\seleniumhq\selenium\selenium-devtools-v107\4.7.2\selenium-devtools-v107-4.7.2.jar;C:\Users\Abi\.m2\repository\org\seleniumhq\selenium\selenium-devtools-v108\4.7.2\selenium-devtools-v108-4.7.2.jar;C:\Users\Abi\.m2\repository\org\seleniumhq\selenium\selenium-devtools-v85\4.7.2\selenium-devtools-v85-4.7.2.jar;C:\Users\Abi\.m2\repository\org\seleniumhq\selenium\selenium-edge-driver\4.7.2\selenium-edge-driver-4.7.2.jar;C:\Users\Abi\.m2\repository\org\seleniumhq\selenium\selenium-firefox-driver\4.7.2\selenium-firefox-driver-4.7.2.jar;C:\Users\Abi\.m2\repository\org\seleniumhq\selenium\selenium-http\4.7.2\selenium-http-4.7.2.jar;C:\Users\Abi\.m2\repository\dev\failsafe\failsafe\3.3.0\failsafe-3.3.0.jar;C:\Users\Abi\.m2\repository\org\seleniumhq\selenium\selenium-ie-driver\4.7.2\selenium-ie-driver-4.7.2.jar;C:\Users\Abi\.m2\repository\org\seleniumhq\selenium\selenium-remote-driver\4.7.2\selenium-remote-driver-4.7.2.jar;C:\Users\Abi\.m2\repository\io\netty\netty-buffer\4.1.84.Final\netty-buffer-4.1.84.Final.jar;C:\Users\Abi\.m2\repository\io\netty\netty-codec-http\4.1.84.Final\netty-codec-http-4.1.84.Final.jar;C:\Users\Abi\.m2\repository\io\netty\netty-codec\4.1.84.Final\netty-codec-4.1.84.Final.jar;C:\Users\Abi\.m2\repository\io\netty\netty-handler\4.1.84.Final\netty-handler-4.1.84.Final.jar;C:\Users\Abi\.m2\repository\io\netty\netty-common\4.1.84.Final\netty-common-4.1.84.Final.jar;C:\Users\Abi\.m2\repository\io\netty\netty-transport-classes-epoll\4.1.84.Final\netty-transport-classes-epoll-4.1.84.Final.jar;C:\Users\Abi\.m2\repository\io\netty\netty-transport-classes-kqueue\4.1.84.Final\netty-transport-classes-kqueue-4.1.84.Final.jar;C:\Users\Abi\.m2\repository\io\netty\netty-transport-native-epoll\4.1.84.Final\netty-transport-native-epoll-4.1.84.Final.jar;C:\Users\Abi\.m2\repository\io\netty\netty-transport-native-kqueue\4.1.84.Final\netty-transport-native-kqueue-4.1.84.Final.jar;C:\Users\Abi\.m2\repository\io\netty\netty-transport-native-unix-common\4.1.84.Final\netty-transport-native-unix-common-4.1.84.Final.jar;C:\Users\Abi\.m2\repository\io\netty\netty-transport\4.1.84.Final\netty-transport-4.1.84.Final.jar;C:\Users\Abi\.m2\repository\io\netty\netty-resolver\4.1.84.Final\netty-resolver-4.1.84.Final.jar;C:\Users\Abi\.m2\repository\io\opentelemetry\opentelemetry-api\1.19.0\opentelemetry-api-1.19.0.jar;C:\Users\Abi\.m2\repository\io\opentelemetry\opentelemetry-context\1.19.0\opentelemetry-context-1.19.0.jar;C:\Users\Abi\.m2\repository\io\opentelemetry\opentelemetry-exporter-logging\1.19.0\opentelemetry-exporter-logging-1.19.0.jar;C:\Users\Abi\.m2\repository\io\opentelemetry\opentelemetry-sdk-metrics\1.19.0\opentelemetry-sdk-metrics-1.19.0.jar;C:\Users\Abi\.m2\repository\io\opentelemetry\opentelemetry-sdk-logs\1.19.0-alpha\opentelemetry-sdk-logs-1.19.0-alpha.jar;C:\Users\Abi\.m2\repository\io\opentelemetry\opentelemetry-api-logs\1.19.0-alpha\opentelemetry-api-logs-1.19.0-alpha.jar;C:\Users\Abi\.m2\repository\io\opentelemetry\opentelemetry-sdk-common\1.19.0\opentelemetry-sdk-common-1.19.0.jar;C:\Users\Abi\.m2\repository\io\opentelemetry\opentelemetry-sdk-extension-autoconfigure-spi\1.19.0\opentelemetry-sdk-extension-autoconfigure-spi-1.19.0.jar;C:\Users\Abi\.m2\repository\io\opentelemetry\opentelemetry-sdk-extension-autoconfigure\1.19.0-alpha\opentelemetry-sdk-extension-autoconfigure-1.19.0-alpha.jar;C:\Users\Abi\.m2\repository\io\opentelemetry\opentelemetry-exporter-common\1.19.0\opentelemetry-exporter-common-1.19.0.jar;C:\Users\Abi\.m2\repository\io\opentelemetry\opentelemetry-sdk-trace\1.19.0\opentelemetry-sdk-trace-1.19.0.jar;C:\Users\Abi\.m2\repository\io\opentelemetry\opentelemetry-sdk\1.19.0\opentelemetry-sdk-1.19.0.jar;C:\Users\Abi\.m2\repository\io\opentelemetry\opentelemetry-semconv\1.19.0-alpha\opentelemetry-semconv-1.19.0-alpha.jar;C:\Users\Abi\.m2\repository\io\ous\jtoml\2.0.0\jtoml-2.0.0.jar;C:\Users\Abi\.m2\repository\net\bytebuddy\byte-buddy\1.12.18\byte-buddy-1.12.18.jar;C:\Users\Abi\.m2\repository\org\apache\commons\commons-exec\1.3\commons-exec-1.3.jar;C:\Users\Abi\.m2\repository\org\asynchttpclient\async-http-client\2.12.3\async-http-client-2.12.3.jar;C:\Users\Abi\.m2\repository\org\asynchttpclient\async-http-client-netty-utils\2.12.3\async-http-client-netty-utils-2.12.3.jar;C:\Users\Abi\.m2\repository\io\netty\netty-codec-socks\4.1.60.Final\netty-codec-socks-4.1.60.Final.jar;C:\Users\Abi\.m2\repository\io\netty\netty-handler-proxy\4.1.60.Final\netty-handler-proxy-4.1.60.Final.jar;C:\Users\Abi\.m2\repository\io\netty\netty-transport-native-epoll\4.1.60.Final\netty-transport-native-epoll-4.1.60.Final-linux-x86_64.jar;C:\Users\Abi\.m2\repository\io\netty\netty-transport-native-kqueue\4.1.60.Final\netty-transport-native-kqueue-4.1.60.Final-osx-x86_64.jar;C:\Users\Abi\.m2\repository\com\typesafe\netty\netty-reactive-streams\2.0.4\netty-reactive-streams-2.0.4.jar;C:\Users\Abi\.m2\repository\com\sun\activation\jakarta.activation\1.2.2\jakarta.activation-1.2.2.jar;C:\Users\Abi\.m2\repository\org\seleniumhq\selenium\selenium-manager\4.7.2\selenium-manager-4.7.2.jar;C:\Users\Abi\.m2\repository\org\seleniumhq\selenium\selenium-safari-driver\4.7.2\selenium-safari-driver-4.7.2.jar;C:\Users\Abi\.m2\repository\org\seleniumhq\selenium\selenium-support\4.7.2\selenium-support-4.7.2.jar;C:\Users\Abi\.m2\repository\io\github\bonigarcia\webdrivermanager\5.3.2\webdrivermanager-5.3.2.jar;C:\Users\Abi\.m2\repository\com\github\docker-java\docker-java\3.2.14\docker-java-3.2.14.jar;C:\Users\Abi\.m2\repository\com\github\docker-java\docker-java-core\3.2.14\docker-java-core-3.2.14.jar;C:\Users\Abi\.m2\repository\com\github\docker-java\docker-java-api\3.2.14\docker-java-api-3.2.14.jar;C:\Users\Abi\.m2\repository\org\bouncycastle\bcpkix-jdk15on\1.64\bcpkix-jdk15on-1.64.jar;C:\Users\Abi\.m2\repository\org\bouncycastle\bcprov-jdk15on\1.64\bcprov-jdk15on-1.64.jar;C:\Users\Abi\.m2\repository\org\slf4j\jcl-over-slf4j\1.7.30\jcl-over-slf4j-1.7.30.jar;C:\Users\Abi\.m2\repository\com\github\docker-java\docker-java-transport-httpclient5\3.2.14\docker-java-transport-httpclient5-3.2.14.jar;C:\Users\Abi\.m2\repository\com\github\docker-java\docker-java-transport\3.2.14\docker-java-transport-3.2.14.jar;C:\Users\Abi\.m2\repository\net\java\dev\jna\jna\5.12.1\jna-5.12.1.jar;C:\Users\Abi\.m2\repository\org\brotli\dec\0.1.2\dec-0.1.2.jar;C:\Users\Abi\.m2\repository\org\apache\httpcomponents\client5\httpclient5\5.2.1\httpclient5-5.2.1.jar;C:\Users\Abi\.m2\repository\org\apache\httpcomponents\core5\httpcore5\5.2\httpcore5-5.2.jar;C:\Users\Abi\.m2\repository\org\apache\httpcomponents\core5\httpcore5-h2\5.2\httpcore5-h2-5.2.jar;C:\Users\Abi\.m2\repository\org\testng\testng\7.7.1\testng-7.7.1.jar;C:\Users\Abi\.m2\repository\com\beust\jcommander\1.82\jcommander-1.82.jar;C:\Users\Abi\.m2\repository\org\webjars\jquery\3.6.1\jquery-3.6.1.jar;C:\Users\Abi\.m2\repository\org\slf4j\slf4j-api\2.0.6\slf4j-api-2.0.6.jar;C:\Users\Abi\.m2\repository\org\slf4j\slf4j-reload4j\2.0.6\slf4j-reload4j-2.0.6.jar;C:\Users\Abi\.m2\repository\ch\qos\reload4j\reload4j\1.2.22\reload4j-1.2.22.jar;C:\Users\Abi\.m2\repository\com\microsoft\sqlserver\mssql-jdbc\12.2.0.jre11\mssql-jdbc-12.2.0.jre11.jar;C:\Users\Abi\.m2\repository\org\apache\logging\log4j\log4j-core\2.19.0\log4j-core-2.19.0.jar;C:\Users\Abi\.m2\repository\org\apache\logging\log4j\log4j-api\2.19.0\log4j-api-2.19.0.jar;C:\Users\Abi\.m2\repository\io\appium\java-client\8.3.0\java-client-8.3.0.jar;C:\Users\Abi\.m2\repository\cglib\cglib\3.3.0\cglib-3.3.0.jar;C:\Users\Abi\.m2\repository\commons-validator\commons-validator\1.7\commons-validator-1.7.jar;C:\Users\Abi\.m2\repository\commons-beanutils\commons-beanutils\1.9.4\commons-beanutils-1.9.4.jar;C:\Users\Abi\.m2\repository\commons-digester\commons-digester\2.1\commons-digester-2.1.jar;C:\Users\Abi\.m2\repository\commons-collections\commons-collections\3.2.2\commons-collections-3.2.2.jar;"/>
    <property name="sun.cpu.endian" value="little"/>
    <property name="user.home" value="C:\Users\Abi"/>
    <property name="user.language" value="en"/>
    <property name="java.specification.vendor" value="Oracle Corporation"/>
    <property name="java.version.date" value="2020-07-14"/>
    <property name="java.home" value="C:\Program Files\Java\jdk-14.0.2"/>
    <property name="file.separator" value="\"/>
    <property name="style.color" value="always"/>
    <property name="basedir" value="G:\Recovered\Downloads\Softwares\Eclipse\Workspaces\Test2\MailAccessBDD"/>
    <property name="java.vm.compressedOopsMode" value="Zero based"/>
    <property name="line.separator" value="&#10;"/>
    <property name="java.vm.specification.vendor" value="Oracle Corporation"/>
    <property name="java.specification.name" value="Java Platform API Specification"/>
    <property name="surefire.real.class.path" value="C:\Users\Abi\AppData\Local\Temp\surefire17034368744802354184\surefirebooter-20230202194126318_3.jar"/>
    <property name="user.script" value=""/>
    <property name="sun.management.compiler" value="HotSpot 64-Bit Tiered Compilers"/>
    <property name="java.runtime.version" value="14.0.2+12-46"/>
    <property name="user.name" value="Abi"/>
    <property name="path.separator" value=";"/>
    <property name="os.version" value="10.0"/>
    <property name="java.runtime.name" value="Java(TM) SE Runtime Environment"/>
    <property name="file.encoding" value="Cp1252"/>
    <property name="java.vm.name" value="Java HotSpot(TM) 64-Bit Server VM"/>
    <property name="localRepository" value="C:\Users\Abi\.m2\repository"/>
    <property name="java.vendor.url.bug" value="https://bugreport.java.com/bugreport/"/>
    <property name="java.io.tmpdir" value="C:\Users\Abi\AppData\Local\Temp\"/>
    <property name="java.version" value="14.0.2"/>
    <property name="user.dir" value="G:\Recovered\Downloads\Softwares\Eclipse\Workspaces\Test2\MailAccessBDD"/>
    <property name="os.arch" value="amd64"/>
    <property name="java.vm.specification.name" value="Java Virtual Machine Specification"/>
    <property name="sun.os.patch.level" value=""/>
    <property name="java.library.path" value="C:\Program Files\Java\jdk-14.0.2\bin;C:\WINDOWS\Sun\Java\bin;C:\WINDOWS\system32;C:\WINDOWS;G:/Recovered/Downloads/Softwares/Eclipse/Eclipse-2022//plugins/org.eclipse.justj.openjdk.hotspot.jre.full.win32.x86_64_17.0.4.v20220903-1038/jre/bin/server;G:/Recovered/Downloads/Softwares/Eclipse/Eclipse-2022//plugins/org.eclipse.justj.openjdk.hotspot.jre.full.win32.x86_64_17.0.4.v20220903-1038/jre/bin;C:\Program Files\Python310\Scripts\;C:\Program Files\Python310\;F:\Program Files (x86)\VMware\VMware Workstation\bin\;C:\Program Files\Microsoft MPI\Bin\;C:\Program Files (x86)\NVIDIA Corporation\PhysX\Common;C:\WINDOWS\system32;C:\WINDOWS;C:\WINDOWS\System32\Wbem;C:\WINDOWS\System32\WindowsPowerShell\v1.0\;F:\Android\sdk\platform-tools;F:\Android\sdk\tools;C:\Program Files\nodejs\;C:\Program Files (x86)\Windows Kits\10\Windows Performance Toolkit\;C:\WINDOWS\System32\OpenSSH\;C:\Program Files\Java\jdk-14.0.2\bin;C:\Program Files (x86)\Windows Live\Shared;C:\Program Files\PuTTY\;C:\Program Files (x86)\Microsoft SQL Server\150\Tools\Binn\;C:\Program Files\Microsoft SQL Server\150\Tools\Binn\;C:\Program Files (x86)\Microsoft SQL Server\150\DTS\Binn\;C:\Program Files\Microsoft SQL Server\150\DTS\Binn\;C:\Program Files\Microsoft SQL Server\Client SDK\ODBC\170\Tools\Binn\;C:\Maven\bin;C:\Program Files\Git\cmd;C:\Program Files\Git\bin;C:\Program Files\Docker\Docker\resources\bin;C:\ProgramData\DockerDesktop\version-bin;C:\Program Files\Amazon\AWSCLIV2\;G:\Downloads\Tutorials\Selenium\Python\allure-2.20.1\bin;C:\Users\Abi\Downloads\geckodriver-v0.32.0-win-aarch64\geckodriver.exe;C:\Users\Abi\AppData\Local\Microsoft\WindowsApps;C:\Users\Abi\AppData\Roaming\npm;C:\Program Files (x86)\Jar2Exe Wizard\;C:\Program Files\Python37;C:\Program Files\Python37\Scripts;C:\Users\Abi\AppData\Local\Android\sdk\platform-tools;;C:\Program Files\Azure Data Studio\bin;F:\Program Files\JetBrains\PyCharm Community Edition 2022.1.1\bin;;G:\Recovered\Downloads\Softwares\Eclipse\Eclipse-2022;;."/>
    <property name="java.vm.info" value="mixed mode, sharing"/>
    <property name="java.vendor" value="Oracle Corporation"/>
    <property name="java.vm.version" value="14.0.2+12-46"/>
    <property name="sun.io.unicode.encoding" value="UnicodeLittle"/>
    <property name="java.class.version" value="58.0"/>
  </properties>
  <testcase name="runScenario[&quot;Login with valid credentials&quot;, &quot;Login&quot;](1)" classname="com.test.MailAccess.bdd.runner.CucumberRunner" time="8.256">
    <failure message="Step [^User enters Username as &quot;([^&quot;]*)&quot; and Password as &quot;([^&quot;]*)&quot;$] is defined with 3 parameters at &apos;com.test.MailAccess.bdd.stepdefs.LoginTest_Outlook_BDD_Steps.enterUserName(java.lang.String,java.lang.String,io.cucumber.java.Scenario)&apos;.&#10;However, the gherkin step has 2 arguments:&#10; * sa.sarvan@outlook.com&#10; * Abinav4413&#10;Step text: User enters Username as &quot;sa.sarvan@outlook.com&quot; and Password as &quot;Abinav4413&quot;" type="io.cucumber.core.exception.CucumberException"><![CDATA[io.cucumber.core.exception.CucumberException: 
Step [^User enters Username as "([^"]*)" and Password as "([^"]*)"$] is defined with 3 parameters at 'com.test.MailAccess.bdd.stepdefs.LoginTest_Outlook_BDD_Steps.enterUserName(java.lang.String,java.lang.String,io.cucumber.java.Scenario)'.
However, the gherkin step has 2 arguments:
 * sa.sarvan@outlook.com
 * Abinav4413
Step text: User enters Username as "sa.sarvan@outlook.com" and Password as "Abinav4413"
	at io.cucumber.core.runner.PickleStepDefinitionMatch.arityMismatch(PickleStepDefinitionMatch.java:83)
	at io.cucumber.core.runner.PickleStepDefinitionMatch.runStep(PickleStepDefinitionMatch.java:42)
	at io.cucumber.core.runner.ExecutionMode$1.execute(ExecutionMode.java:10)
	at io.cucumber.core.runner.TestStep.executeStep(TestStep.java:84)
	at io.cucumber.core.runner.TestStep.run(TestStep.java:56)
	at io.cucumber.core.runner.PickleStepTestStep.run(PickleStepTestStep.java:51)
	at io.cucumber.core.runner.TestCase.run(TestCase.java:84)
	at io.cucumber.core.runner.Runner.runPickle(Runner.java:75)
	at io.cucumber.testng.TestNGCucumberRunner.lambda$runScenario$1(TestNGCucumberRunner.java:132)
	at io.cucumber.core.runtime.CucumberExecutionContext.lambda$runTestCase$5(CucumberExecutionContext.java:130)
	at io.cucumber.core.runtime.RethrowingThrowableCollector.executeAndThrow(RethrowingThrowableCollector.java:23)
	at io.cucumber.core.runtime.CucumberExecutionContext.runTestCase(CucumberExecutionContext.java:130)
	at io.cucumber.testng.TestNGCucumberRunner.runScenario(TestNGCucumberRunner.java:129)
	at io.cucumber.testng.AbstractTestNGCucumberTests.runScenario(AbstractTestNGCucumberTests.java:35)
	at java.base/jdk.internal.reflect.NativeMethodAccessorImpl.invoke0(Native Method)
	at java.base/jdk.internal.reflect.NativeMethodAccessorImpl.invoke(NativeMethodAccessorImpl.java:62)
	at java.base/jdk.internal.reflect.DelegatingMethodAccessorImpl.invoke(DelegatingMethodAccessorImpl.java:43)
	at java.base/java.lang.reflect.Method.invoke(Method.java:564)
	at org.testng.internal.invokers.MethodInvocationHelper.invokeMethod(MethodInvocationHelper.java:139)
	at org.testng.internal.invokers.TestInvoker.invokeMethod(TestInvoker.java:677)
	at org.testng.internal.invokers.TestInvoker.invokeTestMethod(TestInvoker.java:221)
	at org.testng.internal.invokers.MethodRunner.runInSequence(MethodRunner.java:50)
	at org.testng.internal.invokers.TestInvoker$MethodInvocationAgent.invoke(TestInvoker.java:969)
	at org.testng.internal.invokers.TestInvoker.invokeTestMethods(TestInvoker.java:194)
	at org.testng.internal.invokers.TestMethodWorker.invokeTestMethods(TestMethodWorker.java:148)
	at org.testng.internal.invokers.TestMethodWorker.run(TestMethodWorker.java:128)
	at java.base/java.util.ArrayList.forEach(ArrayList.java:1511)
	at org.testng.TestRunner.privateRun(TestRunner.java:829)
	at org.testng.TestRunner.run(TestRunner.java:602)
	at org.testng.SuiteRunner.runTest(SuiteRunner.java:437)
	at org.testng.SuiteRunner.runSequentially(SuiteRunner.java:431)
	at org.testng.SuiteRunner.privateRun(SuiteRunner.java:391)
	at org.testng.SuiteRunner.run(SuiteRunner.java:330)
	at org.testng.SuiteRunnerWorker.runSuite(SuiteRunnerWorker.java:52)
	at org.testng.SuiteRunnerWorker.run(SuiteRunnerWorker.java:95)
	at org.testng.TestNG.runSuitesSequentially(TestNG.java:1256)
	at org.testng.TestNG.runSuitesLocally(TestNG.java:1176)
	at org.testng.TestNG.runSuites(TestNG.java:1099)
	at org.testng.TestNG.run(TestNG.java:1067)
	at org.apache.maven.surefire.testng.TestNGExecutor.run(TestNGExecutor.java:151)
	at org.apache.maven.surefire.testng.TestNGDirectoryTestSuite.executeSingleClass(TestNGDirectoryTestSuite.java:111)
	at org.apache.maven.surefire.testng.TestNGDirectoryTestSuite.execute(TestNGDirectoryTestSuite.java:98)
	at org.apache.maven.surefire.testng.TestNGProvider.invoke(TestNGProvider.java:155)
	at org.apache.maven.surefire.booter.ForkedBooter.runSuitesInProcess(ForkedBooter.java:456)
	at org.apache.maven.surefire.booter.ForkedBooter.execute(ForkedBooter.java:169)
	at org.apache.maven.surefire.booter.ForkedBooter.run(ForkedBooter.java:595)
	at org.apache.maven.surefire.booter.ForkedBooter.main(ForkedBooter.java:581)
]]></failure>
    <system-out><![CDATA[
@outlook
Scenario Outline: Login with valid credentials                                      # src/test/resources/features/outlooklogin.feature:23
2023-02-02 19:41:28,481 - com.test.MailAccess.bdd.common.CommonLibrary_BDD -INFO - Initialized...
2023-02-02 19:41:28,556 - com.test.MailAccess.bdd.common.CommonLibrary_BDD -INFO - Launching browser...
2023-02-02 19:41:28,893 - io.github.bonigarcia.wdm.WebDriverManager -INFO - Using chromedriver 109.0.5414.74 (resolved driver for Chrome 109)
2023-02-02 19:41:28,925 - io.github.bonigarcia.wdm.WebDriverManager -INFO - Exporting webdriver.chrome.driver as C:\Users\Abi\.cache\selenium\chromedriver\win32\109.0.5414.74\chromedriver.exe
2023-02-02 19:41:32,549 - com.test.MailAccess.bdd.common.CommonLibrary_BDD -INFO - Chrome browser launched...
  Given User launches browser                                                       # com.test.MailAccess.bdd.common.CommonLibrary_BDD.launchBrowser()
2023-02-02 19:41:32,696 - com.test.MailAccess.bdd.common.CommonLibrary_BDD -INFO - Navigating to the Url - https://outlook.live.com/owa/...
  When User navigates to "https://outlook.live.com/owa/" page                       # com.test.MailAccess.bdd.common.CommonLibrary_BDD.launchUrl(java.lang.String)
2023-02-02 19:41:33,990 - com.test.MailAccess.bdd.common.CommonLibrary_BDD -INFO - initialized from LoginTest_Outlook_BDD_Steps...
2023-02-02 19:41:34,017 - com.test.MailAccess.bdd.common.CommonLibrary_BDD -INFO - Clicking the element [[ChromeDriver: chrome on WINDOWS (2bb7d2e6558c6fc44bf9bce6d65a260c)] -> xpath: (//*[@class='internal sign-in-link'])[2]]...
  And User clicks on Outlook SignIn button                                          # com.test.MailAccess.bdd.stepdefs.LoginTest_Outlook_BDD_Steps.clickSignInBtn()
  Then User enters Username as "sa.sarvan@outlook.com" and Password as "Abinav4413" # com.test.MailAccess.bdd.stepdefs.LoginTest_Outlook_BDD_Steps.enterUserName(java.lang.String,java.lang.String,io.cucumber.java.Scenario)
      io.cucumber.core.exception.CucumberException: Step [^User enters Username as "([^"]*)" and Password as "([^"]*)"$] is defined with 3 parameters at 'com.test.MailAccess.bdd.stepdefs.LoginTest_Outlook_BDD_Steps.enterUserName(java.lang.String,java.lang.String,io.cucumber.java.Scenario)'.
However, the gherkin step has 2 arguments:
 * sa.sarvan@outlook.com
 * Abinav4413
Step text: User enters Username as "sa.sarvan@outlook.com" and Password as "Abinav4413"
	at io.cucumber.core.runner.PickleStepDefinitionMatch.arityMismatch(PickleStepDefinitionMatch.java:83)
	at io.cucumber.core.runner.PickleStepDefinitionMatch.runStep(PickleStepDefinitionMatch.java:42)
	at io.cucumber.core.runner.ExecutionMode$1.execute(ExecutionMode.java:10)
	at io.cucumber.core.runner.TestStep.executeStep(TestStep.java:84)
	at io.cucumber.core.runner.TestStep.run(TestStep.java:56)
	at io.cucumber.core.runner.PickleStepTestStep.run(PickleStepTestStep.java:51)
	at io.cucumber.core.runner.TestCase.run(TestCase.java:84)
	at io.cucumber.core.runner.Runner.runPickle(Runner.java:75)
	at io.cucumber.testng.TestNGCucumberRunner.lambda$runScenario$1(TestNGCucumberRunner.java:132)
	at io.cucumber.core.runtime.CucumberExecutionContext.lambda$runTestCase$5(CucumberExecutionContext.java:130)
	at io.cucumber.core.runtime.RethrowingThrowableCollector.executeAndThrow(RethrowingThrowableCollector.java:23)
	at io.cucumber.core.runtime.CucumberExecutionContext.runTestCase(CucumberExecutionContext.java:130)
	at io.cucumber.testng.TestNGCucumberRunner.runScenario(TestNGCucumberRunner.java:129)
	at io.cucumber.testng.AbstractTestNGCucumberTests.runScenario(AbstractTestNGCucumberTests.java:35)
	at java.base/jdk.internal.reflect.NativeMethodAccessorImpl.invoke0(Native Method)
	at java.base/jdk.internal.reflect.NativeMethodAccessorImpl.invoke(NativeMethodAccessorImpl.java:62)
	at java.base/jdk.internal.reflect.DelegatingMethodAccessorImpl.invoke(DelegatingMethodAccessorImpl.java:43)
	at java.base/java.lang.reflect.Method.invoke(Method.java:564)
	at org.testng.internal.invokers.MethodInvocationHelper.invokeMethod(MethodInvocationHelper.java:139)
	at org.testng.internal.invokers.TestInvoker.invokeMethod(TestInvoker.java:677)
	at org.testng.internal.invokers.TestInvoker.invokeTestMethod(TestInvoker.java:221)
	at org.testng.internal.invokers.MethodRunner.runInSequence(MethodRunner.java:50)
	at org.testng.internal.invokers.TestInvoker$MethodInvocationAgent.invoke(TestInvoker.java:969)
	at org.testng.internal.invokers.TestInvoker.invokeTestMethods(TestInvoker.java:194)
	at org.testng.internal.invokers.TestMethodWorker.invokeTestMethods(TestMethodWorker.java:148)
	at org.testng.internal.invokers.TestMethodWorker.run(TestMethodWorker.java:128)
	at java.base/java.util.ArrayList.forEach(ArrayList.java:1511)
	at org.testng.TestRunner.privateRun(TestRunner.java:829)
	at org.testng.TestRunner.run(TestRunner.java:602)
	at org.testng.SuiteRunner.runTest(SuiteRunner.java:437)
	at org.testng.SuiteRunner.runSequentially(SuiteRunner.java:431)
	at org.testng.SuiteRunner.privateRun(SuiteRunner.java:391)
	at org.testng.SuiteRunner.run(SuiteRunner.java:330)
	at org.testng.SuiteRunnerWorker.runSuite(SuiteRunnerWorker.java:52)
	at org.testng.SuiteRunnerWorker.run(SuiteRunnerWorker.java:95)
	at org.testng.TestNG.runSuitesSequentially(TestNG.java:1256)
	at org.testng.TestNG.runSuitesLocally(TestNG.java:1176)
	at org.testng.TestNG.runSuites(TestNG.java:1099)
	at org.testng.TestNG.run(TestNG.java:1067)
	at org.apache.maven.surefire.testng.TestNGExecutor.run(TestNGExecutor.java:151)
	at org.apache.maven.surefire.testng.TestNGDirectoryTestSuite.executeSingleClass(TestNGDirectoryTestSuite.java:111)
	at org.apache.maven.surefire.testng.TestNGDirectoryTestSuite.execute(TestNGDirectoryTestSuite.java:98)
	at org.apache.maven.surefire.testng.TestNGProvider.invoke(TestNGProvider.java:155)
	at org.apache.maven.surefire.booter.ForkedBooter.runSuitesInProcess(ForkedBooter.java:456)
	at org.apache.maven.surefire.booter.ForkedBooter.execute(ForkedBooter.java:169)
	at org.apache.maven.surefire.booter.ForkedBooter.run(ForkedBooter.java:595)
	at org.apache.maven.surefire.booter.ForkedBooter.main(ForkedBooter.java:581)


    Embedding Screenshot: [image/png 112084 bytes]

  Then User checks the page title as "Mail - Saran S - Outlook"                     # com.test.MailAccess.bdd.common.CommonLibrary_BDD.checkPageTitle(java.lang.String)
  When User clicks on Account Manager link                                          # com.test.MailAccess.bdd.stepdefs.LoginTest_Outlook_BDD_Steps.clickAccManagerLink()
  Then User checks the account name as "sa.saran@outlook.com"                       # com.test.MailAccess.bdd.stepdefs.LoginTest_Outlook_BDD_Steps.verifyAccName(java.lang.String)
  And User clicks on SignOut button                                                 # com.test.MailAccess.bdd.stepdefs.LoginTest_Outlook_BDD_Steps.clickSignOutBtn()
2023-02-02 19:41:35,778 - com.test.MailAccess.bdd.common.CommonLibrary_BDD -INFO - Quitting browser...
]]></system-out>
    <system-err><![CDATA[Starting ChromeDriver 109.0.5414.74 (e7c5703604daa9cc128ccf5a5d3e993513758913-refs/branch-heads/5414@{#1172}) on port 48037
Only local connections are allowed.
Please see https://chromedriver.chromium.org/security-considerations for suggestions on keeping ChromeDriver safe.
ChromeDriver was started successfully.
]]></system-err>
  </testcase>
</testsuite>